2022-05-12 10:03:15,462 [Worker-8: Loading available Gradle versions] INFO  o.e.b.c.i.u.g.PublishedGradleVersions - Gradle version information cache is up-to-date. Trying to read.
2022-05-12 10:15:37,382 [Worker-0: Creating maven-archetype-quickstart] INFO  o.e.m.c.i.p.ProjectConfigurationManager - Collecting project info '/pom.xml' D:\Formacion\C4-UD23-workspace\T23-Maven\pom.xml
2022-05-12 10:15:37,839 [Worker-0: Creating maven-archetype-quickstart] INFO  o.e.m.c.i.l.LifecycleMappingFactory - Using org.eclipse.m2e.jdt.JarLifecycleMapping lifecycle mapping for MavenProject: T23-Maven:T23-Maven:0.0.1-SNAPSHOT @ D:\Formacion\C4-UD23-workspace\T23-Maven\pom.xml.
2022-05-12 10:15:38,542 [Worker-0: Creating maven-archetype-quickstart] INFO  o.e.m.j.i.AbstractJavaProjectConfigurator - Adding source folder /T23-Maven/src/main/java
2022-05-12 10:15:38,547 [Worker-0: Creating maven-archetype-quickstart] INFO  o.e.m.j.i.AbstractJavaProjectConfigurator - Adding source folder /T23-Maven/src/test/java
2022-05-12 10:15:38,628 [Worker-0: Creating maven-archetype-quickstart] INFO  o.e.m.c.i.p.ProjectConfigurationManager - Imported and configured 1 project(s) in 1 sec
2022-05-12 10:15:39,185 [Worker-12: Building] INFO  o.e.m.c.i.embedder.EclipseLogger - Using 'UTF-8' encoding to copy filtered resources.
2022-05-12 10:15:39,185 [Worker-12: Building] INFO  o.e.m.c.i.embedder.EclipseLogger - skip non existing resourceDirectory D:\Formacion\C4-UD23-workspace\T23-Maven\src\main\resources
2022-05-12 10:15:39,187 [Worker-12: Building] INFO  o.e.m.c.i.embedder.EclipseLogger - Using 'UTF-8' encoding to copy filtered resources.
2022-05-12 10:15:39,187 [Worker-12: Building] INFO  o.e.m.c.i.embedder.EclipseLogger - skip non existing resourceDirectory D:\Formacion\C4-UD23-workspace\T23-Maven\src\test\resources
2022-05-12 10:15:42,113 [Worker-12: Building] INFO  o.e.m.c.i.embedder.EclipseLogger - Using 'UTF-8' encoding to copy filtered resources.
2022-05-12 10:15:42,114 [Worker-12: Building] INFO  o.e.m.c.i.embedder.EclipseLogger - skip non existing resourceDirectory D:\Formacion\C4-UD23-workspace\T23-Maven\src\main\resources
2022-05-12 10:15:42,115 [Worker-12: Building] INFO  o.e.m.c.i.embedder.EclipseLogger - Using 'UTF-8' encoding to copy filtered resources.
2022-05-12 10:15:42,115 [Worker-12: Building] INFO  o.e.m.c.i.embedder.EclipseLogger - skip non existing resourceDirectory D:\Formacion\C4-UD23-workspace\T23-Maven\src\test\resources
2022-05-12 10:15:52,250 [Worker-13: Building] INFO  o.e.m.c.i.l.LifecycleMappingFactory - Using org.eclipse.m2e.jdt.JarLifecycleMapping lifecycle mapping for MavenProject: T23-Maven:T23-Maven:0.0.1-SNAPSHOT @ D:\Formacion\C4-UD23-workspace\T23-Maven\pom.xml.
2022-05-12 10:15:52,477 [Worker-13: Building] INFO  o.e.m.c.i.embedder.EclipseLogger - Using 'UTF-8' encoding to copy filtered resources.
2022-05-12 10:15:52,477 [Worker-13: Building] INFO  o.e.m.c.i.embedder.EclipseLogger - skip non existing resourceDirectory D:\Formacion\C4-UD23-workspace\T23-Maven\src\main\resources
2022-05-12 10:15:52,479 [Worker-13: Building] INFO  o.e.m.c.i.embedder.EclipseLogger - Using 'UTF-8' encoding to copy filtered resources.
2022-05-12 10:15:52,479 [Worker-13: Building] INFO  o.e.m.c.i.embedder.EclipseLogger - skip non existing resourceDirectory D:\Formacion\C4-UD23-workspace\T23-Maven\src\test\resources
2022-05-12 10:15:58,592 [Worker-0: Building] INFO  o.e.m.c.i.embedder.EclipseLogger - Using 'UTF-8' encoding to copy filtered resources.
2022-05-12 10:15:58,592 [Worker-0: Building] INFO  o.e.m.c.i.embedder.EclipseLogger - skip non existing resourceDirectory D:\Formacion\C4-UD23-workspace\T23-Maven\src\main\resources
2022-05-12 10:15:58,593 [Worker-0: Building] INFO  o.e.m.c.i.embedder.EclipseLogger - Using 'UTF-8' encoding to copy filtered resources.
2022-05-12 10:15:58,593 [Worker-0: Building] INFO  o.e.m.c.i.embedder.EclipseLogger - skip non existing resourceDirectory D:\Formacion\C4-UD23-workspace\T23-Maven\src\test\resources
